#
# There is insufficient memory for the Java Runtime Environment to continue.
# Native memory allocation (malloc) failed to allocate 32744 bytes for ChunkPool::allocate
# Possible reasons:
#   The system is out of physical RAM or swap space
#   The process is running with CompressedOops enabled, and the Java Heap may be blocking the growth of the native heap
# Possible solutions:
#   Reduce memory load on the system
#   Increase physical memory or swap space
#   Check if swap backing store is full
#   Decrease Java heap size (-Xmx/-Xms)
#   Decrease number of Java threads
#   Decrease Java thread stack sizes (-Xss)
#   Set larger code cache with -XX:ReservedCodeCacheSize=
#   JVM is running with Zero Based Compressed Oops mode in which the Java heap is
#     placed in the first 32GB address space. The Java Heap base address is the
#     maximum limit for the native heap growth. Please use -XX:HeapBaseMinAddress
#     to set the Java Heap base and to place the Java Heap above 32GB virtual address.
# This output file may be truncated or incomplete.
#
#  Out of Memory Error (allocation.cpp:272), pid=21288, tid=0x00000000000054c4
#
# JRE version: Java(TM) SE Runtime Environment (8.0_202-b08) (build 1.8.0_202-b08)
# Java VM: Java HotSpot(TM) 64-Bit Server VM (25.202-b08 mixed mode windows-amd64 compressed oops)
# Failed to write core dump. Minidumps are not enabled by default on client versions of Windows
#

---------------  T H R E A D  ---------------

Current thread (0x000000001e652800):  JavaThread "C2 CompilerThread0" daemon [_thread_in_native, id=21700, stack(0x000000001f1d0000,0x000000001f2d0000)]

Stack: [0x000000001f1d0000,0x000000001f2d0000]
[error occurred during error reporting (printing stack bounds), id 0xc0000005]

Native frames: (J=compiled Java code, j=interpreted, Vv=VM code, C=native code)


Current CompileTask:
C2:  12429 5246       4       org.springframework.core.annotation.AnnotationsScanner::processMethodAnnotations (98 bytes)


---------------  P R O C E S S  ---------------

Java Threads: ( => current thread )
  0x000000002419b000 JavaThread "DestroyJavaVM" [_thread_blocked, id=23192, stack(0x0000000002ae0000,0x0000000002be0000)]
  0x0000000024193800 JavaThread "task-2" [_thread_blocked, id=18580, stack(0x000000002ab10000,0x000000002ac10000)]
  0x0000000024199800 JavaThread "http-nio-4500-Acceptor" daemon [_thread_in_native, id=21840, stack(0x000000002db50000,0x000000002dc50000)]
  0x0000000024198000 JavaThread "http-nio-4500-ClientPoller" daemon [_thread_in_native, id=22028, stack(0x000000002da50000,0x000000002db50000)]
  0x0000000024190800 JavaThread "http-nio-4500-exec-10" daemon [_thread_blocked, id=21964, stack(0x000000002d950000,0x000000002da50000)]
  0x0000000024197800 JavaThread "http-nio-4500-exec-9" daemon [_thread_blocked, id=5268, stack(0x000000002d850000,0x000000002d950000)]
  0x0000000024193000 JavaThread "http-nio-4500-exec-8" daemon [_thread_blocked, id=23252, stack(0x000000002d750000,0x000000002d850000)]
  0x0000000024196800 JavaThread "http-nio-4500-exec-7" daemon [_thread_blocked, id=14376, stack(0x000000002d650000,0x000000002d750000)]
  0x000000002418f000 JavaThread "http-nio-4500-exec-6" daemon [_thread_blocked, id=12880, stack(0x000000002d550000,0x000000002d650000)]
  0x0000000024192000 JavaThread "http-nio-4500-exec-5" daemon [_thread_blocked, id=6040, stack(0x000000002d450000,0x000000002d550000)]
  0x0000000024196000 JavaThread "http-nio-4500-exec-4" daemon [_thread_blocked, id=19532, stack(0x000000002d350000,0x000000002d450000)]
  0x0000000024190000 JavaThread "http-nio-4500-exec-3" daemon [_thread_blocked, id=11812, stack(0x000000002d250000,0x000000002d350000)]
  0x000000002418e800 JavaThread "http-nio-4500-exec-2" daemon [_thread_blocked, id=15252, stack(0x000000002d150000,0x000000002d250000)]
  0x0000000024195000 JavaThread "http-nio-4500-exec-1" daemon [_thread_blocked, id=17320, stack(0x000000002d050000,0x000000002d150000)]
  0x000000002418d800 JavaThread "http-nio-4500-BlockPoller" daemon [_thread_in_native, id=1956, stack(0x000000002bd70000,0x000000002be70000)]
  0x000000002546d800 JavaThread "task-1" [_thread_blocked, id=17220, stack(0x0000000026ab0000,0x0000000026bb0000)]
  0x000000002546d000 JavaThread "HikariPool-1 connection adder" daemon [_thread_blocked, id=18132, stack(0x00000000269b0000,0x0000000026ab0000)]
  0x000000002546c000 JavaThread "HikariPool-1 housekeeper" daemon [_thread_blocked, id=21576, stack(0x00000000268b0000,0x00000000269b0000)]
  0x000000002546e800 JavaThread "PostgreSQL-JDBC-SharedTimer-1" daemon [_thread_blocked, id=4076, stack(0x00000000271b0000,0x00000000272b0000)]
  0x000000001f8d3000 JavaThread "container-0" [_thread_blocked, id=22228, stack(0x0000000026580000,0x0000000026680000)]
  0x0000000029f66800 JavaThread "Catalina-utility-2" [_thread_blocked, id=18352, stack(0x0000000025290000,0x0000000025390000)]
  0x000000002858d800 JavaThread "Catalina-utility-1" [_thread_blocked, id=17492, stack(0x0000000021620000,0x0000000021720000)]
  0x000000001e6e8000 JavaThread "Service Thread" daemon [_thread_blocked, id=10688, stack(0x000000001f5d0000,0x000000001f6d0000)]
  0x000000001e661800 JavaThread "C1 CompilerThread3" daemon [_thread_blocked, id=19992, stack(0x000000001f4d0000,0x000000001f5d0000)]
  0x000000001e65d800 JavaThread "C2 CompilerThread2" daemon [_thread_blocked, id=22376, stack(0x000000001f3d0000,0x000000001f4d0000)]
  0x000000001e64d800 JavaThread "C2 CompilerThread1" daemon [_thread_in_native, id=18792, stack(0x000000001f2d0000,0x000000001f3d0000)]
=>0x000000001e652800 JavaThread "C2 CompilerThread0" daemon [_thread_in_native, id=21700, stack(0x000000001f1d0000,0x000000001f2d0000)]
  0x000000001e63b000 JavaThread "JDWP Command Reader" daemon [_thread_in_native, id=6300, stack(0x000000001f0d0000,0x000000001f1d0000)]
  0x000000001e636000 JavaThread "JDWP Event Helper Thread" daemon [_thread_blocked, id=20404, stack(0x000000001efd0000,0x000000001f0d0000)]
  0x000000001e5e3000 JavaThread "JDWP Transport Listener: dt_socket" daemon [_thread_blocked, id=23248, stack(0x000000001eed0000,0x000000001efd0000)]
  0x000000001e5dc000 JavaThread "Attach Listener" daemon [_thread_blocked, id=23244, stack(0x000000001edd0000,0x000000001eed0000)]
  0x000000001e5db800 JavaThread "Signal Dispatcher" daemon [_thread_blocked, id=23228, stack(0x000000001ecd0000,0x000000001edd0000)]
  0x000000001c7a4800 JavaThread "Finalizer" daemon [_thread_blocked, id=23236, stack(0x000000001eaa0000,0x000000001eba0000)]
  0x000000001e5c0800 JavaThread "Reference Handler" daemon [_thread_blocked, id=22776, stack(0x000000001e9a0000,0x000000001eaa0000)]

Other Threads:
  0x000000001c796800 VMThread [stack: 0x000000001e4a0000,0x000000001e5a0000] [id=22684]
  0x000000001e735800 WatcherThread [stack: 0x000000001f6d0000,0x000000001f7d0000] [id=18616]

VM state:not at safepoint (normal execution)

VM Mutex/Monitor currently owned by a thread: None

heap address: 0x00000006c1400000, size: 4076 MB, Compressed Oops mode: Zero based, Oop shift amount: 3
Narrow klass base: 0x0000000000000000, Narrow klass shift: 3
Compressed class space size: 1073741824 Address: 0x00000007c0000000

Heap:
 PSYoungGen      total 217600K, used 58331K [0x000000076b180000, 0x000000077f000000, 0x00000007c0000000)
  eden space 205824K, 22% used [0x000000076b180000,0x000000076def7360,0x0000000777a80000)
  from space 11776K, 99% used [0x0000000777a80000,0x00000007785ff950,0x0000000778600000)
  to   space 17920K, 0% used [0x000000077de80000,0x000000077de80000,0x000000077f000000)
 ParOldGen       total 153088K, used 25123K [0x00000006c1400000, 0x00000006ca980000, 0x000000076b180000)
  object space 153088K, 16% used [0x00000006c1400000,0x00000006c2c88d88,0x00000006ca980000)
 Metaspace       used 56035K, capacity 59064K, committed 59160K, reserved 1099776K
  class space    used 7619K, capacity 8124K, committed 8216K, reserved 1048576K

Card table byte_map: [0x00000000120b0000,0x00000000128b0000] byte_map_base: 0x000000000eaa6000

Marking Bits: (ParMarkBitMap*) 0x0000000073e65ce0
 Begin Bits: [0x0000000013600000, 0x00000000175b0000)
 End Bits:   [0x00000000175b0000, 0x000000001b560000)

Polling page: 0x0000000002990000

CodeCache: size=245760Kb used=16855Kb max_used=16887Kb free=228904Kb
 bounds [0x0000000002cf0000, 0x0000000003d90000, 0x0000000011cf0000]
 total_blobs=5142 nmethods=4637 adapters=424
 compilation: enabled

Compilation events (10 events):
Event: 12.396 Thread 0x000000001e65d800 5363       4       java.util.TreeMap::successor (66 bytes)
Event: 12.397 Thread 0x000000001e65d800 nmethod 5363 0x00000000036e8990 code [0x00000000036e8ae0, 0x00000000036e8bd8]
Event: 12.397 Thread 0x000000001e65d800 5364       4       org.springframework.boot.autoconfigure.condition.ConditionEvaluationReport$$Lambda$815/178838760::accept (20 bytes)
Event: 12.404 Thread 0x000000001e65d800 nmethod 5364 0x0000000003d45950 code [0x0000000003d45b00, 0x0000000003d462c8]
Event: 12.404 Thread 0x000000001e65d800 5365       4       org.springframework.boot.autoconfigure.condition.ConditionEvaluationReport::lambda$addNoMatchOutcomeToAncestors$1 (54 bytes)
Event: 12.412 Thread 0x000000001e65d800 nmethod 5365 0x0000000003d3b510 code [0x0000000003d3b6c0, 0x0000000003d3bd88]
Event: 12.412 Thread 0x000000001e65d800 5372       4       org.springframework.core.ResolvableType::resolveType (151 bytes)
Event: 12.422 Thread 0x000000001e65d800 nmethod 5372 0x0000000003d39d90 code [0x0000000003d39fe0, 0x0000000003d3aa98]
Event: 12.422 Thread 0x000000001e65d800 5289       4       org.springframework.util.ReflectionUtils$$Lambda$299/1268237485::doWith (11 bytes)
Event: 12.427 Thread 0x000000001e65d800 nmethod 5289 0x0000000003d46b10 code [0x0000000003d46c60, 0x0000000003d47118]

GC Heap History (10 events):
Event: 3.238 GC heap before
{Heap before GC invocations=5 (full 1):
 PSYoungGen      total 141824K, used 7559K [0x000000076b180000, 0x0000000774680000, 0x00000007c0000000)
  eden space 131072K, 0% used [0x000000076b180000,0x000000076b180000,0x0000000773180000)
  from space 10752K, 70% used [0x0000000773c00000,0x0000000774361fc8,0x0000000774680000)
  to   space 10752K, 0% used [0x0000000773180000,0x0000000773180000,0x0000000773c00000)
 ParOldGen       total 175104K, used 48K [0x00000006c1400000, 0x00000006cbf00000, 0x000000076b180000)
  object space 175104K, 0% used [0x00000006c1400000,0x00000006c140c000,0x00000006cbf00000)
 Metaspace       used 20555K, capacity 21230K, committed 21296K, reserved 1069056K
  class space    used 2509K, capacity 2669K, committed 2688K, reserved 1048576K
Event: 3.279 GC heap after
Heap after GC invocations=5 (full 1):
 PSYoungGen      total 141824K, used 0K [0x000000076b180000, 0x0000000774680000, 0x00000007c0000000)
  eden space 131072K, 0% used [0x000000076b180000,0x000000076b180000,0x0000000773180000)
  from space 10752K, 0% used [0x0000000773c00000,0x0000000773c00000,0x0000000774680000)
  to   space 10752K, 0% used [0x0000000773180000,0x0000000773180000,0x0000000773c00000)
 ParOldGen       total 97280K, used 7326K [0x00000006c1400000, 0x00000006c7300000, 0x000000076b180000)
  object space 97280K, 7% used [0x00000006c1400000,0x00000006c1b27b70,0x00000006c7300000)
 Metaspace       used 20555K, capacity 21230K, committed 21296K, reserved 1069056K
  class space    used 2509K, capacity 2669K, committed 2688K, reserved 1048576K
}
Event: 5.906 GC heap before
{Heap before GC invocations=6 (full 1):
 PSYoungGen      total 141824K, used 131045K [0x000000076b180000, 0x0000000774680000, 0x00000007c0000000)
  eden space 131072K, 99% used [0x000000076b180000,0x00000007731797f0,0x0000000773180000)
  from space 10752K, 0% used [0x0000000773c00000,0x0000000773c00000,0x0000000774680000)
  to   space 10752K, 0% used [0x0000000773180000,0x0000000773180000,0x0000000773c00000)
 ParOldGen       total 97280K, used 7326K [0x00000006c1400000, 0x00000006c7300000, 0x000000076b180000)
  object space 97280K, 7% used [0x00000006c1400000,0x00000006c1b27b70,0x00000006c7300000)
 Metaspace       used 28505K, capacity 30218K, committed 30336K, reserved 1075200K
  class space    used 3595K, capacity 3911K, committed 3968K, reserved 1048576K
Event: 5.918 GC heap after
Heap after GC invocations=6 (full 1):
 PSYoungGen      total 141824K, used 10744K [0x000000076b180000, 0x0000000779480000, 0x00000007c0000000)
  eden space 131072K, 0% used [0x000000076b180000,0x000000076b180000,0x0000000773180000)
  from space 10752K, 99% used [0x0000000773180000,0x0000000773bfe148,0x0000000773c00000)
  to   space 12288K, 0% used [0x0000000778880000,0x0000000778880000,0x0000000779480000)
 ParOldGen       total 97280K, used 7443K [0x00000006c1400000, 0x00000006c7300000, 0x000000076b180000)
  object space 97280K, 7% used [0x00000006c1400000,0x00000006c1b44e40,0x00000006c7300000)
 Metaspace       used 28505K, capacity 30218K, committed 30336K, reserved 1075200K
  class space    used 3595K, capacity 3911K, committed 3968K, reserved 1048576K
}
Event: 6.826 GC heap before
{Heap before GC invocations=7 (full 1):
 PSYoungGen      total 141824K, used 59190K [0x000000076b180000, 0x0000000779480000, 0x00000007c0000000)
  eden space 131072K, 36% used [0x000000076b180000,0x000000076e0cf818,0x0000000773180000)
  from space 10752K, 99% used [0x0000000773180000,0x0000000773bfe148,0x0000000773c00000)
  to   space 12288K, 0% used [0x0000000778880000,0x0000000778880000,0x0000000779480000)
 ParOldGen       total 97280K, used 7443K [0x00000006c1400000, 0x00000006c7300000, 0x000000076b180000)
  object space 97280K, 7% used [0x00000006c1400000,0x00000006c1b44e40,0x00000006c7300000)
 Metaspace       used 33505K, capacity 35396K, committed 35496K, reserved 1081344K
  class space    used 4182K, capacity 4498K, committed 4520K, reserved 1048576K
Event: 6.837 GC heap after
Heap after GC invocations=7 (full 1):
 PSYoungGen      total 214528K, used 9171K [0x000000076b180000, 0x0000000779180000, 0x00000007c0000000)
  eden space 205312K, 0% used [0x000000076b180000,0x000000076b180000,0x0000000777a00000)
  from space 9216K, 99% used [0x0000000778880000,0x0000000779174d18,0x0000000779180000)
  to   space 11776K, 0% used [0x0000000777a80000,0x0000000777a80000,0x0000000778600000)
 ParOldGen       total 97280K, used 7451K [0x00000006c1400000, 0x00000006c7300000, 0x000000076b180000)
  object space 97280K, 7% used [0x00000006c1400000,0x00000006c1b46e40,0x00000006c7300000)
 Metaspace       used 33505K, capacity 35396K, committed 35496K, reserved 1081344K
  class space    used 4182K, capacity 4498K, committed 4520K, reserved 1048576K
}
Event: 6.837 GC heap before
{Heap before GC invocations=8 (full 2):
 PSYoungGen      total 214528K, used 9171K [0x000000076b180000, 0x0000000779180000, 0x00000007c0000000)
  eden space 205312K, 0% used [0x000000076b180000,0x000000076b180000,0x0000000777a00000)
  from space 9216K, 99% used [0x0000000778880000,0x0000000779174d18,0x0000000779180000)
  to   space 11776K, 0% used [0x0000000777a80000,0x0000000777a80000,0x0000000778600000)
 ParOldGen       total 97280K, used 7451K [0x00000006c1400000, 0x00000006c7300000, 0x000000076b180000)
  object space 97280K, 7% used [0x00000006c1400000,0x00000006c1b46e40,0x00000006c7300000)
 Metaspace       used 33505K, capacity 35396K, committed 35496K, reserved 1081344K
  class space    used 4182K, capacity 4498K, committed 4520K, reserved 1048576K
Event: 6.928 GC heap after
Heap after GC invocations=8 (full 2):
 PSYoungGen      total 214528K, used 0K [0x000000076b180000, 0x0000000779180000, 0x00000007c0000000)
  eden space 205312K, 0% used [0x000000076b180000,0x000000076b180000,0x0000000777a00000)
  from space 9216K, 0% used [0x0000000778880000,0x0000000778880000,0x0000000779180000)
  to   space 11776K, 0% used [0x0000000777a80000,0x0000000777a80000,0x0000000778600000)
 ParOldGen       total 153088K, used 14679K [0x00000006c1400000, 0x00000006ca980000, 0x000000076b180000)
  object space 153088K, 9% used [0x00000006c1400000,0x00000006c2255c00,0x00000006ca980000)
 Metaspace       used 33505K, capacity 35396K, committed 35496K, reserved 1081344K
  class space    used 4182K, capacity 4498K, committed 4520K, reserved 1048576K
}
Event: 11.093 GC heap before
{Heap before GC invocations=9 (full 2):
 PSYoungGen      total 214528K, used 205312K [0x000000076b180000, 0x0000000779180000, 0x00000007c0000000)
  eden space 205312K, 100% used [0x000000076b180000,0x0000000777a00000,0x0000000777a00000)
  from space 9216K, 0% used [0x0000000778880000,0x0000000778880000,0x0000000779180000)
  to   space 11776K, 0% used [0x0000000777a80000,0x0000000777a80000,0x0000000778600000)
 ParOldGen       total 153088K, used 14679K [0x00000006c1400000, 0x00000006ca980000, 0x000000076b180000)
  object space 153088K, 9% used [0x00000006c1400000,0x00000006c2255c00,0x00000006ca980000)
 Metaspace       used 51588K, capacity 53970K, committed 54312K, reserved 1095680K
  class space    used 6993K, capacity 7407K, committed 7464K, reserved 1048576K
Event: 11.113 GC heap after
Heap after GC invocations=9 (full 2):
 PSYoungGen      total 217600K, used 11774K [0x000000076b180000, 0x000000077f000000, 0x00000007c0000000)
  eden space 205824K, 0% used [0x000000076b180000,0x000000076b180000,0x0000000777a80000)
  from space 11776K, 99% used [0x0000000777a80000,0x00000007785ff950,0x0000000778600000)
  to   space 17920K, 0% used [0x000000077de80000,0x000000077de80000,0x000000077f000000)
 ParOldGen       total 153088K, used 25123K [0x00000006c1400000, 0x00000006ca980000, 0x000000076b180000)
  object space 153088K, 16% used [0x00000006c1400000,0x00000006c2c88d88,0x00000006ca980000)
 Metaspace       used 51588K, capacity 53970K, committed 54312K, reserved 1095680K
  class space    used 6993K, capacity 7407K, committed 7464K, reserved 1048576K
}

Deoptimization events (10 events):
Event: 12.147 Thread 0x0000000002be8800 Uncommon trap: reason=bimorphic action=maybe_recompile pc=0x0000000003c9f10c method=java.util.regex.Pattern$5.isSatisfiedBy(I)Z @ 5
Event: 12.147 Thread 0x0000000002be8800 Uncommon trap: reason=bimorphic action=maybe_recompile pc=0x0000000003c9f10c method=java.util.regex.Pattern$5.isSatisfiedBy(I)Z @ 5
Event: 12.147 Thread 0x0000000002be8800 Uncommon trap: reason=bimorphic action=maybe_recompile pc=0x0000000003c9f10c method=java.util.regex.Pattern$5.isSatisfiedBy(I)Z @ 5
Event: 12.152 Thread 0x0000000002be8800 Uncommon trap: reason=class_check action=maybe_recompile pc=0x0000000003c55ec8 method=java.util.regex.Pattern$Behind.match(Ljava/util/regex/Matcher;ILjava/lang/CharSequence;)Z @ 125
Event: 12.157 Thread 0x0000000002be8800 Uncommon trap: reason=class_check action=maybe_recompile pc=0x0000000003c55ec8 method=java.util.regex.Pattern$Behind.match(Ljava/util/regex/Matcher;ILjava/lang/CharSequence;)Z @ 125
Event: 12.157 Thread 0x0000000002be8800 Uncommon trap: reason=bimorphic action=maybe_recompile pc=0x0000000003268e70 method=java.util.regex.Matcher.match(II)Z @ 86
Event: 12.157 Thread 0x0000000002be8800 Uncommon trap: reason=unstable_if action=reinterpret pc=0x0000000003268e4c method=java.util.regex.Matcher.match(II)Z @ 30
Event: 12.158 Thread 0x0000000002be8800 Uncommon trap: reason=class_check action=maybe_recompile pc=0x0000000003c55ec8 method=java.util.regex.Pattern$Behind.match(Ljava/util/regex/Matcher;ILjava/lang/CharSequence;)Z @ 125
Event: 12.158 Thread 0x0000000002be8800 Uncommon trap: reason=class_check action=maybe_recompile pc=0x0000000003c55ec8 method=java.util.regex.Pattern$Behind.match(Ljava/util/regex/Matcher;ILjava/lang/CharSequence;)Z @ 125
Event: 12.334 Thread 0x0000000002be8800 Uncommon trap: reason=unstable_if action=reinterpret pc=0x00000000031c63b4 method=org.springframework.util.ConcurrentReferenceHashMap$Segment.clear()V @ 7

Classes redefined (0 events):
No events

Internal exceptions (10 events):
Event: 11.828 Thread 0x0000000002be8800 Exception <a 'java/lang/ClassNotFoundException': com/sosesib/backend/models/entities/SensorCustomizer> (0x000000076ceec5c0) thrown at [C:\re\workspace\8-2-build-windows-amd64-cygwin\jdk8u202\12323\hotspot\src\share\vm\classfile\systemDictionary.cpp, line 
Event: 11.839 Thread 0x0000000002be8800 Exception <a 'java/lang/ClassNotFoundException': java/lang/ObjectCustomizer> (0x000000076cf30888) thrown at [C:\re\workspace\8-2-build-windows-amd64-cygwin\jdk8u202\12323\hotspot\src\share\vm\classfile\systemDictionary.cpp, line 210]
Event: 11.840 Thread 0x0000000002be8800 Exception <a 'java/lang/ClassNotFoundException': com/sosesib/backend/models/entities/LocationCustomizer> (0x000000076cf49130) thrown at [C:\re\workspace\8-2-build-windows-amd64-cygwin\jdk8u202\12323\hotspot\src\share\vm\classfile\systemDictionary.cpp, lin
Event: 11.847 Thread 0x0000000002be8800 Exception <a 'java/lang/ClassNotFoundException': java/lang/ObjectCustomizer> (0x000000076cfa1e60) thrown at [C:\re\workspace\8-2-build-windows-amd64-cygwin\jdk8u202\12323\hotspot\src\share\vm\classfile\systemDictionary.cpp, line 210]
Event: 11.848 Thread 0x0000000002be8800 Exception <a 'java/lang/ClassNotFoundException': com/sosesib/backend/models/entities/SpecificationCustomizer> (0x000000076cfbc190) thrown at [C:\re\workspace\8-2-build-windows-amd64-cygwin\jdk8u202\12323\hotspot\src\share\vm\classfile\systemDictionary.cpp
Event: 11.942 Thread 0x0000000002be8800 Exception <a 'java/lang/reflect/InvocationTargetException'> (0x000000076d364b58) thrown at [C:\re\workspace\8-2-build-windows-amd64-cygwin\jdk8u202\12323\hotspot\src\share\vm\runtime\reflection.cpp, line 1092]
Event: 12.021 Thread 0x0000000002be8800 Exception <a 'java/lang/IncompatibleClassChangeError': Found class java.lang.Object, but interface was expected> (0x000000076d45c368) thrown at [C:\re\workspace\8-2-build-windows-amd64-cygwin\jdk8u202\12323\hotspot\src\share\vm\interpreter\linkResolver.cp
Event: 12.207 Thread 0x0000000002be8800 Exception <a 'java/lang/ClassNotFoundException': java/lang/ObjectCustomizer> (0x000000076d91cbb8) thrown at [C:\re\workspace\8-2-build-windows-amd64-cygwin\jdk8u202\12323\hotspot\src\share\vm\classfile\systemDictionary.cpp, line 210]
Event: 12.208 Thread 0x0000000002be8800 Exception <a 'java/lang/ClassNotFoundException': com/sosesib/backend/models/entities/TimeSeriesCustomizer> (0x000000076d935eb8) thrown at [C:\re\workspace\8-2-build-windows-amd64-cygwin\jdk8u202\12323\hotspot\src\share\vm\classfile\systemDictionary.cpp, l
Event: 12.224 Thread 0x0000000002be8800 Exception <a 'java/lang/reflect/InvocationTargetException'> (0x000000076da2a588) thrown at [C:\re\workspace\8-2-build-windows-amd64-cygwin\jdk8u202\12323\hotspot\src\share\vm\runtime\reflection.cpp, line 1092]

Events (10 events):
Event: 12.348 loading class org/springframework/boot/ApplicationRunner
Event: 12.348 loading class org/springframework/boot/ApplicationRunner done
Event: 12.348 Thread 0x0000000002be8800 DEOPT PACKING pc=0x0000000002ed8ba8 sp=0x0000000002bde1f0
Event: 12.348 Thread 0x0000000002be8800 DEOPT UNPACKING pc=0x0000000002d37890 sp=0x0000000002bddec0 mode 1
Event: 12.349 loading class org/springframework/boot/CommandLineRunner
Event: 12.350 loading class org/springframework/boot/CommandLineRunner done
Event: 12.350 Thread 0x0000000002be8800 DEOPT PACKING pc=0x0000000002ed8ba8 sp=0x0000000002bde1f0
Event: 12.350 Thread 0x0000000002be8800 DEOPT UNPACKING pc=0x0000000002d37890 sp=0x0000000002bddec0 mode 1
Event: 12.353 Thread 0x0000000002be8800 Thread exited: 0x0000000002be8800
Event: 12.353 Thread 0x000000002419b000 Thread added: 0x000000002419b000


Dynamic libraries:
0x00007ff69dbc0000 - 0x00007ff69dbf7000 	C:\Program Files\Java\jdk1.8.0_202\bin\java.exe
0x00007ffead250000 - 0x00007ffead446000 	C:\WINDOWS\SYSTEM32\ntdll.dll
0x00007ffeac7f0000 - 0x00007ffeac8ad000 	C:\WINDOWS\System32\KERNEL32.DLL
0x00007ffeaabb0000 - 0x00007ffeaae78000 	C:\WINDOWS\System32\KERNELBASE.dll
0x00007ffeabee0000 - 0x00007ffeabf8a000 	C:\WINDOWS\System32\ADVAPI32.dll
0x00007ffeab2c0000 - 0x00007ffeab35e000 	C:\WINDOWS\System32\msvcrt.dll
0x00007ffeab3c0000 - 0x00007ffeab45b000 	C:\WINDOWS\System32\sechost.dll
0x00007ffeab6d0000 - 0x00007ffeab7f4000 	C:\WINDOWS\System32\RPCRT4.dll
0x00007ffeabff0000 - 0x00007ffeac190000 	C:\WINDOWS\System32\USER32.dll
0x00007ffeab130000 - 0x00007ffeab152000 	C:\WINDOWS\System32\win32u.dll
0x00007ffeab6a0000 - 0x00007ffeab6ca000 	C:\WINDOWS\System32\GDI32.dll
0x00007ffeaaaa0000 - 0x00007ffeaaba9000 	C:\WINDOWS\System32\gdi32full.dll
0x00007ffeab090000 - 0x00007ffeab12d000 	C:\WINDOWS\System32\msvcp_win.dll
0x00007ffeaa9a0000 - 0x00007ffeaaaa0000 	C:\WINDOWS\System32\ucrtbase.dll
0x00007ffe99540000 - 0x00007ffe997db000 	C:\WINDOWS\WinSxS\amd64_microsoft.windows.common-controls_6595b64144ccf1df_6.0.19041.488_none_ca04af081b815d21\COMCTL32.dll
0x00007ffeac2b0000 - 0x00007ffeac2e0000 	C:\WINDOWS\System32\IMM32.DLL
0x0000000073ef0000 - 0x0000000073fc2000 	C:\Program Files\Java\jdk1.8.0_202\jre\bin\msvcr100.dll
0x0000000073640000 - 0x0000000073ee5000 	C:\Program Files\Java\jdk1.8.0_202\jre\bin\server\jvm.dll
0x00007ffeab4f0000 - 0x00007ffeab4f8000 	C:\WINDOWS\System32\PSAPI.DLL
0x00007ffea4240000 - 0x00007ffea424a000 	C:\WINDOWS\SYSTEM32\VERSION.dll
0x00007ffe93e20000 - 0x00007ffe93e29000 	C:\WINDOWS\SYSTEM32\WSOCK32.dll
0x00007ffe9b3e0000 - 0x00007ffe9b407000 	C:\WINDOWS\SYSTEM32\WINMM.dll
0x00007ffeac720000 - 0x00007ffeac78b000 	C:\WINDOWS\System32\WS2_32.dll
0x00007ffe7a6d0000 - 0x00007ffe7a6df000 	C:\Program Files\Java\jdk1.8.0_202\jre\bin\verify.dll
0x00007ffe4eff0000 - 0x00007ffe4f019000 	C:\Program Files\Java\jdk1.8.0_202\jre\bin\java.dll
0x00007ffe78490000 - 0x00007ffe784c5000 	C:\Program Files\Java\jdk1.8.0_202\jre\bin\jdwp.dll
0x00007ffe8aef0000 - 0x00007ffe8aef8000 	C:\Program Files\Java\jdk1.8.0_202\jre\bin\npt.dll
0x00007ffe566b0000 - 0x00007ffe566c6000 	C:\Program Files\Java\jdk1.8.0_202\jre\bin\zip.dll
0x00007ffeac9a0000 - 0x00007ffead0e0000 	C:\WINDOWS\System32\SHELL32.dll
0x00007ffea8a10000 - 0x00007ffea91a4000 	C:\WINDOWS\SYSTEM32\windows.storage.dll
0x00007ffeac2e0000 - 0x00007ffeac635000 	C:\WINDOWS\System32\combase.dll
0x00007ffeaa410000 - 0x00007ffeaa43c000 	C:\WINDOWS\SYSTEM32\Wldp.dll
0x00007ffeab5f0000 - 0x00007ffeab69e000 	C:\WINDOWS\System32\SHCORE.dll
0x00007ffeac790000 - 0x00007ffeac7e5000 	C:\WINDOWS\System32\shlwapi.dll
0x00007ffeaa8d0000 - 0x00007ffeaa8f6000 	C:\WINDOWS\SYSTEM32\profapi.dll
0x00007ffe8aed0000 - 0x00007ffe8aed9000 	C:\Program Files\Java\jdk1.8.0_202\jre\bin\dt_socket.dll
0x00007ffeaa190000 - 0x00007ffeaa1fa000 	C:\WINDOWS\system32\mswsock.dll
0x00007ffe7a0d0000 - 0x00007ffe7a0dd000 	C:\Program Files\Java\jdk1.8.0_202\jre\bin\management.dll
0x00007ffe4f250000 - 0x00007ffe4f26a000 	C:\Program Files\Java\jdk1.8.0_202\jre\bin\net.dll
0x00007ffe97c80000 - 0x00007ffe97e6d000 	C:\WINDOWS\SYSTEM32\urlmon.dll
0x00007ffe960d0000 - 0x00007ffe96380000 	C:\WINDOWS\SYSTEM32\iertutil.dll
0x00007ffe8b2e0000 - 0x00007ffe8b2f7000 	C:\WINDOWS\system32\napinsp.dll
0x00007ffe8b300000 - 0x00007ffe8b31b000 	C:\WINDOWS\system32\pnrpnsp.dll
0x00007ffea5650000 - 0x00007ffea5665000 	C:\WINDOWS\system32\wshbth.dll
0x00007ffea6300000 - 0x00007ffea631d000 	C:\WINDOWS\system32\NLAapi.dll
0x00007ffea9e30000 - 0x00007ffea9e6b000 	C:\WINDOWS\SYSTEM32\IPHLPAPI.DLL
0x00007ffea9e80000 - 0x00007ffea9f4b000 	C:\WINDOWS\SYSTEM32\DNSAPI.dll
0x00007ffeab460000 - 0x00007ffeab469000 	C:\WINDOWS\System32\NSI.dll
0x00007ffe8b2c0000 - 0x00007ffe8b2d2000 	C:\WINDOWS\System32\winrnr.dll
0x00007ffe9b3b0000 - 0x00007ffe9b3ba000 	C:\Windows\System32\rasadhlp.dll
0x00007ffe9b630000 - 0x00007ffe9b6af000 	C:\WINDOWS\System32\fwpuclnt.dll
0x00007ffeab060000 - 0x00007ffeab087000 	C:\WINDOWS\System32\bcrypt.dll
0x00007ffe4ebd0000 - 0x00007ffe4ebe2000 	C:\Program Files\Java\jdk1.8.0_202\jre\bin\nio.dll
0x00007ffeaa370000 - 0x00007ffeaa388000 	C:\WINDOWS\SYSTEM32\CRYPTSP.dll
0x00007ffea9ab0000 - 0x00007ffea9ae4000 	C:\WINDOWS\system32\rsaenh.dll
0x00007ffeaa890000 - 0x00007ffeaa8be000 	C:\WINDOWS\SYSTEM32\USERENV.dll
0x00007ffeaaf30000 - 0x00007ffeaafaf000 	C:\WINDOWS\System32\bcryptprimitives.dll
0x00007ffeaa360000 - 0x00007ffeaa36c000 	C:\WINDOWS\SYSTEM32\CRYPTBASE.dll
0x00007ffea1080000 - 0x00007ffea1097000 	C:\WINDOWS\SYSTEM32\dhcpcsvc6.DLL
0x00007ffea2a80000 - 0x00007ffea2a9d000 	C:\WINDOWS\SYSTEM32\dhcpcsvc.DLL

VM Arguments:
jvm_args: -agentlib:jdwp=transport=dt_socket,server=n,suspend=y,address=1482 -Dfile.encoding=windows-1256 -Duser.country=US -Duser.language=en -Duser.variant 
java_command: com.sosesib.backend.BackendApplication
java_class_path (initial): C:\Users\Maroun\Desktop\backend\build\classes\java\main;C:\Users\Maroun\Desktop\backend\build\resources\main;C:\Users\Maroun\.gradle\caches\modules-2\files-2.1\org.flywaydb\flyway-core\6.4.4\cc05db56f42cb1b3e517f06e8a6277708f3f7965\flyway-core-6.4.4.jar;C:\Users\Maroun\.gradle\caches\modules-2\files-2.1\org.postgresql\postgresql\42.2.18\a0a9c1d43c7727eeaf1b729477891185d3c71751\postgresql-42.2.18.jar;C:\Users\Maroun\.gradle\caches\modules-2\files-2.1\org.springframework.boot\spring-boot-starter-data-jpa\2.3.5.RELEASE\80e9c92e45ab9e97c757a772dbef0c98062ff523\spring-boot-starter-data-jpa-2.3.5.RELEASE.jar;C:\Users\Maroun\.gradle\caches\modules-2\files-2.1\org.apache.commons\commons-lang3\3.11\68e9a6adf7cf8eb7e9d31bbc554c7c75eeaac568\commons-lang3-3.11.jar;C:\Users\Maroun\.gradle\caches\modules-2\files-2.1\io.springfox\springfox-swagger2\2.9.2\362676bc7f4c6f9f1d568741becab0dfc198c898\springfox-swagger2-2.9.2.jar;C:\Users\Maroun\.gradle\caches\modules-2\files-2.1\io.springfox\springfox-swagger-ui\2.9.2\d542382a88ff3ea8d4032c28b2b0325797fada7d\springfox-swagger-ui-2.9.2.jar;C:\Users\Maroun\.gradle\caches\modules-2\files-2.1\net.sf.supercsv\super-csv\2.4.0\17f8708c929029dde48bc298deaf3c7ae2452d3\super-csv-2.4.0.jar;C:\Users\Maroun\.gradle\caches\modules-2\files-2.1\org.springframework.boot\spring-boot-starter-web\2.3.5.RELEASE\b74a4d0ff61c5defc54d18486e246dafe072ef21\spring-boot-starter-web-2.3.5.RELEASE.jar;C:\Users\Maroun\.gradle\caches\modules-2\files-2.1\org.springframework.boot\spring-boot-starter-aop\2.3.5.RELEASE\c935777688d9f6b83f00f9e91b9b879ae53b58d1\spring-boot-starter-aop-2.3.5.RELEASE.jar;C:\Users\Maroun\.gradle\caches\modules-2\files-2.1\org.springframework.boot\spring-boot-starter-jdbc\2.3.5.RELEASE\47b034686ac244de05635297b14e6912594598ed\spring-boot-starter-jdbc-2.3.5.RELEASE.jar;C:\Users\Maroun\.gradle\caches\modules-2\files-2.1\org.springframework.boot\spring-boot-starter-json\2.3.5.RELEASE\fc731d8bf9b170fe4decb9aa1deb804ac41
Launcher Type: SUN_STANDARD

Environment Variables:
JAVA_HOME=C:\Program Files\Java\jdk1.8.0_202
CLASSPATH=C:\Program Files\Java\jdk1.8.0_202\lib;.;
PATH=C:\Program Files (x86)\Common Files\Oracle\Java\javapath;C:\Program Files (x86)\Intel\iCLS Client\;C:\Program Files\Intel\iCLS Client\;C:\Windows\system32;C:\Windows;C:\Windows\System32\Wbem;C:\Windows\System32\WindowsPowerShell\v1.0\;C:\Program Files (x86)\NVIDIA Corporation\PhysX\Common;C:\Program Files (x86)\Intel\Intel(R) Management Engine Components\DAL;C:\Program Files\Intel\Intel(R) Management Engine Components\DAL;C:\Program Files (x86)\Intel\Intel(R) Management Engine Components\IPT;C:\Program Files\Intel\Intel(R) Management Engine Components\IPT;C:\Program Files\Intel\WiFi\bin\;C:\Program Files\Common Files\Intel\WirelessCommon\;C:\WINDOWS\system32;C:\WINDOWS;C:\WINDOWS\System32\Wbem;C:\WINDOWS\System32\WindowsPowerShell\v1.0\;C:\WINDOWS\System32\OpenSSH\;D:\Matlab\bin;C:\Program Files\Microsoft SQL Server\120\DTS\Binn\;C:\Program Files\Microsoft SQL Server\Client SDK\ODBC\110\Tools\Binn\;C:\Program Files (x86)\Microsoft SQL Server\120\Tools\Binn\;C:\Program Files\Microsoft SQL Server\120\Tools\Binn;C:\WINDOWS\system32;C:\WINDOWS;C:\WINDOWS\System32\Wbem;C:\WINDOWS\System32\WindowsPowerShell\v1.0\;C:\WINDOWS\System32\OpenSSH\;C:\Program Files\Java\jdk1.8.0_202\bin\;C:\Program Files\Git\bin;D:\Node\;C:\Users\Maroun\AppData\Local\Programs\Python\Python37-32;C:\Users\Maroun\AppData\Local\Programs\Python\Python37-32\Scripts;C:\Program Files\MySQL\MySQL Shell 8.0\bin\;C:\Users\Maroun\AppData\Local\Programs\Microsoft VS Code\bin;D:\Pycharmm\PyCharm Community Edition 2019.1.3\bin;C:\Users\Maroun\.dotnet\tools;C:\Users\Maroun\AppData\Local\Microsoft\WindowsApps;D:\heroku\bin;C:\Users\Maroun\AppData\Roaming\npm
USERNAME=Maroun
OS=Windows_NT
PROCESSOR_IDENTIFIER=Intel64 Family 6 Model 158 Stepping 9, GenuineIntel



---------------  S Y S T E M  ---------------

OS: Windows 10.0 , 64 bit Build 19041 (10.0.19041.546)

CPU:total 8 (initial active 8) (4 cores per cpu, 2 threads per core) family 6 model 158 stepping 9, cmov, cx8, fxsr, mmx, sse, sse2, sse3, ssse3, sse4.1, sse4.2, popcnt, avx, avx2, aes, clmul, erms, 3dnowpref, lzcnt, ht, tsc, tscinvbit, bmi1, bmi2, adx

Memory: 4k page, physical 16691316k(2999872k free), swap 20787316k(5136k free)

vm_info: Java HotSpot(TM) 64-Bit Server VM (25.202-b08) for windows-amd64 JRE (1.8.0_202-b08), built on Dec 15 2018 19:54:30 by "java_re" with MS VC++ 10.0 (VS2010)

time: Tue Nov 24 21:35:05 2020
timezone: Middle East Standard Time
elapsed time: 12 seconds (0d 0h 0m 12s)

